mode: set
getmssql/dbexport/dbexport.go:8.35,11.16 3 1
getmssql/dbexport/dbexport.go:11.16,13.3 1 1
getmssql/dbexport/dbexport.go:14.2,17.18 3 1
getmssql/dbexport/dbexport.go:17.18,19.47 2 1
getmssql/dbexport/dbexport.go:19.47,21.4 1 1
getmssql/dbexport/dbexport.go:22.3,22.25 1 1
getmssql/dbexport/dbexport.go:24.2,24.35 1 1
getmssql/dbexport/dbexport.go:24.35,26.3 1 0
getmssql/dbexport/dbexport.go:27.2,27.12 1 1
getmssql/dbexport/dbexport.go:30.49,33.16 3 1
getmssql/dbexport/dbexport.go:33.16,35.3 1 1
getmssql/dbexport/dbexport.go:36.2,40.18 4 1
getmssql/dbexport/dbexport.go:40.18,42.69 2 1
getmssql/dbexport/dbexport.go:42.69,44.4 1 1
getmssql/dbexport/dbexport.go:45.3,45.60 1 1
getmssql/dbexport/dbexport.go:47.2,47.35 1 1
getmssql/dbexport/dbexport.go:47.35,49.3 1 0
getmssql/dbexport/dbexport.go:50.2,50.12 1 1
getmssql/dbexport/download.go:24.9,27.16 3 1
getmssql/dbexport/download.go:27.16,29.3 1 1
getmssql/dbexport/download.go:32.2,35.16 4 1
getmssql/dbexport/download.go:35.16,37.3 1 1
getmssql/dbexport/download.go:39.2,39.75 1 1
getmssql/dbexport/download.go:39.75,40.23 1 1
getmssql/dbexport/download.go:40.23,42.4 1 0
getmssql/dbexport/download.go:42.9,44.4 1 1
getmssql/dbexport/download.go:46.2,49.16 3 1
getmssql/dbexport/download.go:49.16,51.3 1 1
getmssql/dbexport/download.go:52.2,55.16 3 1
getmssql/dbexport/download.go:55.16,57.3 1 0
getmssql/dbexport/download.go:59.2,60.9 2 1
getmssql/dbexport/download.go:61.16,62.52 1 1
getmssql/dbexport/download.go:63.16,64.52 1 1
getmssql/dbexport/download.go:65.10,66.64 1 1
getmssql/dbexport/download.go:68.2,68.21 1 1
getmssql/dbexport/download.go:68.21,70.3 1 1
getmssql/dbexport/download.go:71.2,71.12 1 1
getmssql/dbexport/download.go:75.110,77.2 1 1
getmssql/dbexport/download.go:80.65,81.22 1 1
getmssql/dbexport/download.go:81.22,83.17 2 1
getmssql/dbexport/download.go:83.17,85.4 1 1
getmssql/dbexport/download.go:86.3,88.30 3 1
getmssql/dbexport/download.go:88.30,90.21 2 1
getmssql/dbexport/download.go:90.21,92.5 1 1
getmssql/dbexport/download.go:94.3,94.23 1 1
getmssql/dbexport/download.go:94.23,96.4 1 1
getmssql/dbexport/download.go:97.3,97.84 1 1
getmssql/dbexport/download.go:99.2,99.54 1 1
getmssql/dbexport/helpers.go:11.60,14.25 3 1
getmssql/dbexport/helpers.go:14.25,16.3 1 1
getmssql/dbexport/helpers.go:17.2,17.53 1 1
getmssql/dbexport/helpers.go:17.53,18.52 1 0
getmssql/dbexport/helpers.go:20.2,21.22 2 1
getmssql/dbexport/helpers.go:21.22,24.24 3 1
getmssql/dbexport/helpers.go:25.18,26.36 1 1
getmssql/dbexport/helpers.go:27.16,29.62 2 1
getmssql/dbexport/helpers.go:29.62,31.5 1 1
getmssql/dbexport/helpers.go:31.10,31.69 1 0
getmssql/dbexport/helpers.go:31.69,33.5 1 0
getmssql/dbexport/helpers.go:33.10,35.5 1 0
getmssql/dbexport/helpers.go:36.11,37.15 1 1
getmssql/dbexport/helpers.go:40.2,40.13 1 1
getmssql/dbexport/helpers.go:44.71,47.25 3 1
getmssql/dbexport/helpers.go:47.25,49.3 1 1
getmssql/dbexport/helpers.go:50.2,50.53 1 1
getmssql/dbexport/helpers.go:50.53,51.52 1 0
getmssql/dbexport/helpers.go:53.2,54.31 2 1
getmssql/dbexport/helpers.go:54.31,57.24 3 1
getmssql/dbexport/helpers.go:58.18,59.44 1 0
getmssql/dbexport/helpers.go:60.16,62.62 2 0
getmssql/dbexport/helpers.go:62.62,64.5 1 0
getmssql/dbexport/helpers.go:64.10,64.69 1 0
getmssql/dbexport/helpers.go:64.69,66.5 1 0
getmssql/dbexport/helpers.go:66.10,68.5 1 0
getmssql/dbexport/helpers.go:69.11,70.23 1 1
getmssql/dbexport/helpers.go:73.2,73.15 1 1
getmssql/dbexport/output_duckdb.go:11.85,13.9 2 1
getmssql/dbexport/output_duckdb.go:13.9,15.3 1 1
getmssql/dbexport/output_duckdb.go:16.2,16.49 1 1
getmssql/dbexport/output_duckdb.go:20.184,21.17 1 1
getmssql/dbexport/output_duckdb.go:21.17,23.3 1 1
getmssql/dbexport/output_duckdb.go:24.2,27.16 4 1
getmssql/dbexport/output_duckdb.go:27.16,29.3 1 1
getmssql/dbexport/output_duckdb.go:30.2,35.16 4 1
getmssql/dbexport/output_duckdb.go:35.16,37.3 1 1
getmssql/dbexport/output_duckdb.go:38.2,38.21 1 1
getmssql/dbexport/output_duckdb.go:38.21,42.58 4 1
getmssql/dbexport/output_duckdb.go:42.58,44.51 2 1
getmssql/dbexport/output_duckdb.go:44.51,46.5 1 1
getmssql/dbexport/output_duckdb.go:47.4,47.51 1 0
getmssql/dbexport/output_duckdb.go:48.9,51.4 2 1
getmssql/dbexport/output_duckdb.go:55.2,56.27 2 1
getmssql/dbexport/output_duckdb.go:56.27,58.3 1 1
getmssql/dbexport/output_duckdb.go:59.2,60.51 2 1
getmssql/dbexport/output_duckdb.go:60.51,62.3 1 1
getmssql/dbexport/output_duckdb.go:63.2,64.27 2 1
getmssql/dbexport/output_duckdb.go:64.27,66.3 1 1
getmssql/dbexport/output_duckdb.go:67.2,71.16 5 1
getmssql/dbexport/output_duckdb.go:71.16,73.3 1 0
getmssql/dbexport/output_duckdb.go:74.2,75.16 2 1
getmssql/dbexport/output_duckdb.go:75.16,77.3 1 1
getmssql/dbexport/output_duckdb.go:78.2,79.18 2 1
getmssql/dbexport/output_duckdb.go:79.18,81.47 2 1
getmssql/dbexport/output_duckdb.go:81.47,83.4 1 1
getmssql/dbexport/output_duckdb.go:84.3,85.30 2 1
getmssql/dbexport/output_duckdb.go:85.30,86.38 1 1
getmssql/dbexport/output_duckdb.go:86.38,88.5 1 1
getmssql/dbexport/output_duckdb.go:89.4,90.18 2 1
getmssql/dbexport/output_duckdb.go:90.18,92.5 1 0
getmssql/dbexport/output_duckdb.go:93.4,94.18 2 1
getmssql/dbexport/output_duckdb.go:94.18,96.5 1 1
getmssql/dbexport/output_duckdb.go:97.4,97.51 1 1
getmssql/dbexport/output_duckdb.go:98.9,98.32 1 1
getmssql/dbexport/output_duckdb.go:98.32,100.4 1 1
getmssql/dbexport/output_duckdb.go:102.2,102.35 1 1
getmssql/dbexport/output_duckdb.go:102.35,104.3 1 0
getmssql/dbexport/output_duckdb.go:105.2,105.36 1 1
getmssql/dbexport/output_duckdb.go:105.36,107.3 1 1
getmssql/dbexport/output_duckdb.go:108.2,111.12 4 1
getmssql/dbexport/output_duckdb.go:116.86,118.2 1 1
getmssql/dbexport/output_file.go:13.109,15.11 2 1
getmssql/dbexport/output_file.go:15.11,17.3 1 1
getmssql/dbexport/output_file.go:17.8,17.18 1 1
getmssql/dbexport/output_file.go:17.18,19.3 1 1
getmssql/dbexport/output_file.go:19.8,21.3 1 1
getmssql/dbexport/output_file.go:22.2,23.16 2 1
getmssql/dbexport/output_file.go:23.16,25.3 1 1
getmssql/dbexport/output_file.go:26.2,29.11 3 1
getmssql/dbexport/output_file.go:29.11,31.3 1 1
getmssql/dbexport/output_file.go:31.8,31.18 1 1
getmssql/dbexport/output_file.go:31.18,33.3 1 1
getmssql/dbexport/output_file.go:33.8,35.3 1 1
getmssql/dbexport/output_file.go:36.2,37.18 2 1
getmssql/dbexport/output_file.go:37.18,39.12 2 1
getmssql/dbexport/output_file.go:39.12,41.33 2 1
getmssql/dbexport/output_file.go:41.33,43.28 2 1
getmssql/dbexport/output_file.go:44.14,45.35 1 0
getmssql/dbexport/output_file.go:46.17,47.34 1 1
getmssql/dbexport/output_file.go:48.17,49.42 1 0
getmssql/dbexport/output_file.go:50.13,51.53 1 1
getmssql/dbexport/output_file.go:54.4,54.56 1 1
getmssql/dbexport/output_file.go:55.9,55.19 1 1
getmssql/dbexport/output_file.go:55.19,57.33 2 1
getmssql/dbexport/output_file.go:57.33,59.28 2 1
getmssql/dbexport/output_file.go:60.14,61.35 1 0
getmssql/dbexport/output_file.go:62.17,63.34 1 1
getmssql/dbexport/output_file.go:64.17,65.42 1 0
getmssql/dbexport/output_file.go:66.13,67.53 1 1
getmssql/dbexport/output_file.go:70.4,70.56 1 1
getmssql/dbexport/output_file.go:71.9,72.14 1 1
getmssql/dbexport/output_file.go:72.14,74.5 1 1
getmssql/dbexport/output_file.go:75.4,77.25 3 1
getmssql/dbexport/output_file.go:79.3,80.25 2 1
getmssql/dbexport/output_file.go:80.25,82.4 1 1
getmssql/dbexport/output_file.go:84.2,84.22 1 1
getmssql/dbexport/output_file.go:84.22,86.3 1 1
getmssql/dbexport/output_file.go:87.2,90.12 4 1
getmssql/dbexport/output_file.go:94.108,96.9 2 1
getmssql/dbexport/output_file.go:96.9,98.3 1 1
getmssql/dbexport/output_file.go:99.2,99.67 1 1
getmssql/dbexport/output_sqlite.go:10.82,12.2 1 1
getmssql/dbexport/output_sqlite.go:15.89,16.17 1 1
getmssql/dbexport/output_sqlite.go:16.17,18.3 1 1
getmssql/dbexport/output_sqlite.go:19.2,22.16 4 1
getmssql/dbexport/output_sqlite.go:22.16,24.3 1 0
getmssql/dbexport/output_sqlite.go:25.2,30.16 4 1
getmssql/dbexport/output_sqlite.go:30.16,32.3 1 0
getmssql/dbexport/output_sqlite.go:33.2,33.21 1 1
getmssql/dbexport/output_sqlite.go:33.21,37.58 4 1
getmssql/dbexport/output_sqlite.go:37.58,39.53 2 1
getmssql/dbexport/output_sqlite.go:39.53,41.5 1 1
getmssql/dbexport/output_sqlite.go:42.4,42.51 1 0
getmssql/dbexport/output_sqlite.go:43.9,46.4 2 1
getmssql/dbexport/output_sqlite.go:50.2,51.27 2 1
getmssql/dbexport/output_sqlite.go:51.27,53.3 1 1
getmssql/dbexport/output_sqlite.go:54.2,55.53 2 1
getmssql/dbexport/output_sqlite.go:55.53,57.3 1 1
getmssql/dbexport/output_sqlite.go:59.2,60.27 2 1
getmssql/dbexport/output_sqlite.go:60.27,62.3 1 1
getmssql/dbexport/output_sqlite.go:63.2,67.16 5 1
getmssql/dbexport/output_sqlite.go:67.16,69.3 1 0
getmssql/dbexport/output_sqlite.go:70.2,71.16 2 1
getmssql/dbexport/output_sqlite.go:71.16,73.3 1 1
getmssql/dbexport/output_sqlite.go:74.2,75.18 2 1
getmssql/dbexport/output_sqlite.go:75.18,77.47 2 1
getmssql/dbexport/output_sqlite.go:77.47,79.4 1 1
getmssql/dbexport/output_sqlite.go:80.3,81.30 2 1
getmssql/dbexport/output_sqlite.go:81.30,82.38 1 1
getmssql/dbexport/output_sqlite.go:82.38,84.5 1 1
getmssql/dbexport/output_sqlite.go:85.4,86.18 2 1
getmssql/dbexport/output_sqlite.go:86.18,88.5 1 0
getmssql/dbexport/output_sqlite.go:89.4,90.18 2 1
getmssql/dbexport/output_sqlite.go:90.18,92.5 1 1
getmssql/dbexport/output_sqlite.go:93.4,93.51 1 1
getmssql/dbexport/output_sqlite.go:94.9,94.32 1 1
getmssql/dbexport/output_sqlite.go:94.32,96.4 1 1
getmssql/dbexport/output_sqlite.go:98.2,98.35 1 1
getmssql/dbexport/output_sqlite.go:98.35,100.3 1 1
getmssql/dbexport/output_sqlite.go:101.2,101.36 1 1
getmssql/dbexport/output_sqlite.go:101.36,103.3 1 1
getmssql/dbexport/output_sqlite.go:104.2,107.12 4 1
